  DeviceListReader.cpp
c:\users\taeyoung\desktop\robotexp4_wednesday\robotexp_4\devicelistreader.cpp(94): error C2065: 'LkeyStr': undeclared identifier
c:\users\taeyoung\desktop\robotexp4_wednesday\robotexp_4\devicelistreader.cpp(110): error C2440: 'initializing': cannot convert from 'TCHAR [20]' to 'std::basic_string<char,std::char_traits<char>,std::allocator<char>>'
  c:\users\taeyoung\desktop\robotexp4_wednesday\robotexp_4\devicelistreader.cpp(110): note: No constructor could take the source type, or constructor overload resolution was ambiguous
  ODE.cpp
c:\users\taeyoung\desktop\robotexp4_wednesday\robotexp_4\ode.h(16): fatal error C1083: Cannot open include file: 'drawstuff\drawstuff.h': No such file or directory
  ODEWork.cpp
c:\users\taeyoung\desktop\robotexp4_wednesday\robotexp_4\ode.h(16): fatal error C1083: Cannot open include file: 'drawstuff\drawstuff.h': No such file or directory
  RobotExp_4.cpp
  RobotExp_4Dlg.cpp
c:\users\taeyoung\desktop\robotexp4_wednesday\robotexp_4\robotexp_4dlg.cpp(136): error C2039: 'SetWindowTextA': is not a member of 'CEdit'
  c:\program files (x86)\microsoft visual studio\2017\professional\vc\tools\msvc\14.16.27023\atlmfc\include\afxwin.h(3821): note: see declaration of 'CEdit'
c:\users\taeyoung\desktop\robotexp4_wednesday\robotexp_4\robotexp_4dlg.cpp(137): error C2039: 'SetWindowTextA': is not a member of 'CEdit'
  c:\program files (x86)\microsoft visual studio\2017\professional\vc\tools\msvc\14.16.27023\atlmfc\include\afxwin.h(3821): note: see declaration of 'CEdit'
c:\users\taeyoung\desktop\robotexp4_wednesday\robotexp_4\robotexp_4dlg.cpp(138): error C2039: 'SetWindowTextA': is not a member of 'CEdit'
  c:\program files (x86)\microsoft visual studio\2017\professional\vc\tools\msvc\14.16.27023\atlmfc\include\afxwin.h(3821): note: see declaration of 'CEdit'
c:\users\taeyoung\desktop\robotexp4_wednesday\robotexp_4\robotexp_4dlg.cpp(139): error C2039: 'SetWindowTextA': is not a member of 'CEdit'
  c:\program files (x86)\microsoft visual studio\2017\professional\vc\tools\msvc\14.16.27023\atlmfc\include\afxwin.h(3821): note: see declaration of 'CEdit'
c:\users\taeyoung\desktop\robotexp4_wednesday\robotexp_4\robotexp_4dlg.cpp(140): error C2039: 'SetWindowTextA': is not a member of 'CEdit'
  c:\program files (x86)\microsoft visual studio\2017\professional\vc\tools\msvc\14.16.27023\atlmfc\include\afxwin.h(3821): note: see declaration of 'CEdit'
c:\users\taeyoung\desktop\robotexp4_wednesday\robotexp_4\robotexp_4dlg.cpp(141): error C2039: 'SetWindowTextA': is not a member of 'CEdit'
  c:\program files (x86)\microsoft visual studio\2017\professional\vc\tools\msvc\14.16.27023\atlmfc\include\afxwin.h(3821): note: see declaration of 'CEdit'
c:\users\taeyoung\desktop\robotexp4_wednesday\robotexp_4\robotexp_4dlg.cpp(142): error C2039: 'SetWindowTextA': is not a member of 'CEdit'
  c:\program files (x86)\microsoft visual studio\2017\professional\vc\tools\msvc\14.16.27023\atlmfc\include\afxwin.h(3821): note: see declaration of 'CEdit'
c:\users\taeyoung\desktop\robotexp4_wednesday\robotexp_4\robotexp_4dlg.cpp(225): warning C4018: '<': signed/unsigned mismatch
c:\users\taeyoung\desktop\robotexp4_wednesday\robotexp_4\robotexp_4dlg.cpp(226): error C2664: 'int CComboBox::AddString(LPCTSTR)': cannot convert argument 1 from 'const _Elem *' to 'LPCTSTR'
          with
          [
              _Elem=char
          ]
  c:\users\taeyoung\desktop\robotexp4_wednesday\robotexp_4\robotexp_4dlg.cpp(226): note: Types pointed to are unrelated; conversion requires reinterpret_cast, C-style cast or function-style cast
c:\users\taeyoung\desktop\robotexp4_wednesday\robotexp_4\robotexp_4dlg.cpp(244): error C2664: 'int atoi(const char *)': cannot convert argument 1 from 'wchar_t *' to 'const char *'
  c:\users\taeyoung\desktop\robotexp4_wednesday\robotexp_4\robotexp_4dlg.cpp(244): note: Types pointed to are unrelated; conversion requires reinterpret_cast, C-style cast or function-style cast
c:\users\taeyoung\desktop\robotexp4_wednesday\robotexp_4\robotexp_4dlg.cpp(244): error C2660: 'CComm::Open': function does not take 1 arguments
  c:\users\taeyoung\desktop\robotexp4_wednesday\robotexp_4\comm.h(56): note: see declaration of 'CComm::Open'
c:\users\taeyoung\desktop\robotexp4_wednesday\robotexp_4\robotexp_4dlg.cpp(247): error C2664: 'void CWnd::SetWindowTextW(LPCTSTR)': cannot convert argument 1 from 'const char [6]' to 'LPCTSTR'
  c:\users\taeyoung\desktop\robotexp4_wednesday\robotexp_4\robotexp_4dlg.cpp(247): note: Types pointed to are unrelated; conversion requires reinterpret_cast, C-style cast or function-style cast
c:\users\taeyoung\desktop\robotexp4_wednesday\robotexp_4\robotexp_4dlg.cpp(251): error C2665: 'AfxMessageBox': none of the 2 overloads could convert all the argument types
  c:\program files (x86)\microsoft visual studio\2017\professional\vc\tools\msvc\14.16.27023\atlmfc\include\afxwin.h(6549): note: could be 'int AfxMessageBox(UINT,UINT,UINT)'
  c:\program files (x86)\microsoft visual studio\2017\professional\vc\tools\msvc\14.16.27023\atlmfc\include\afxwin.h(6547): note: or       'int AfxMessageBox(LPCTSTR,UINT,UINT)'
  c:\users\taeyoung\desktop\robotexp4_wednesday\robotexp_4\robotexp_4dlg.cpp(251): note: while trying to match the argument list '(const char [17])'
c:\users\taeyoung\desktop\robotexp4_wednesday\robotexp_4\robotexp_4dlg.cpp(260): error C2664: 'void CWnd::SetWindowTextW(LPCTSTR)': cannot convert argument 1 from 'const char [5]' to 'LPCTSTR'
  c:\users\taeyoung\desktop\robotexp4_wednesday\robotexp_4\robotexp_4dlg.cpp(260): note: Types pointed to are unrelated; conversion requires reinterpret_cast, C-style cast or function-style cast
c:\users\taeyoung\desktop\robotexp4_wednesday\robotexp_4\robotexp_4dlg.cpp(276): error C2664: 'int CComm::Write(const char *,int)': cannot convert argument 1 from 'wchar_t *' to 'const char *'
  c:\users\taeyoung\desktop\robotexp4_wednesday\robotexp_4\robotexp_4dlg.cpp(276): note: Types pointed to are unrelated; conversion requires reinterpret_cast, C-style cast or function-style cast
c:\users\taeyoung\desktop\robotexp4_wednesday\robotexp_4\robotexp_4dlg.cpp(279): error C2664: 'void CWnd::SetWindowTextW(LPCTSTR)': cannot convert argument 1 from 'const char [1]' to 'LPCTSTR'
  c:\users\taeyoung\desktop\robotexp4_wednesday\robotexp_4\robotexp_4dlg.cpp(279): note: Types pointed to are unrelated; conversion requires reinterpret_cast, C-style cast or function-style cast
c:\users\taeyoung\desktop\robotexp4_wednesday\robotexp_4\robotexp_4dlg.cpp(287): error C2664: 'void CWnd::SetWindowTextW(LPCTSTR)': cannot convert argument 1 from 'const char [1]' to 'LPCTSTR'
  c:\users\taeyoung\desktop\robotexp4_wednesday\robotexp_4\robotexp_4dlg.cpp(287): note: Types pointed to are unrelated; conversion requires reinterpret_cast, C-style cast or function-style cast
c:\users\taeyoung\desktop\robotexp4_wednesday\robotexp_4\robotexp_4dlg.cpp(317): error C2039: 'SetWindowTextA': is not a member of 'CEdit'
  c:\program files (x86)\microsoft visual studio\2017\professional\vc\tools\msvc\14.16.27023\atlmfc\include\afxwin.h(3821): note: see declaration of 'CEdit'
c:\users\taeyoung\desktop\robotexp4_wednesday\robotexp_4\robotexp_4dlg.cpp(319): error C2039: 'SetWindowTextA': is not a member of 'CEdit'
  c:\program files (x86)\microsoft visual studio\2017\professional\vc\tools\msvc\14.16.27023\atlmfc\include\afxwin.h(3821): note: see declaration of 'CEdit'
c:\users\taeyoung\desktop\robotexp4_wednesday\robotexp_4\robotexp_4dlg.cpp(325): error C2039: 'SetWindowTextA': is not a member of 'CEdit'
  c:\program files (x86)\microsoft visual studio\2017\professional\vc\tools\msvc\14.16.27023\atlmfc\include\afxwin.h(3821): note: see declaration of 'CEdit'
c:\users\taeyoung\desktop\robotexp4_wednesday\robotexp_4\robotexp_4dlg.cpp(327): error C2039: 'SetWindowTextA': is not a member of 'CEdit'
  c:\program files (x86)\microsoft visual studio\2017\professional\vc\tools\msvc\14.16.27023\atlmfc\include\afxwin.h(3821): note: see declaration of 'CEdit'
c:\users\taeyoung\desktop\robotexp4_wednesday\robotexp_4\robotexp_4dlg.cpp(329): error C2039: 'SetWindowTextA': is not a member of 'CEdit'
  c:\program files (x86)\microsoft visual studio\2017\professional\vc\tools\msvc\14.16.27023\atlmfc\include\afxwin.h(3821): note: see declaration of 'CEdit'
c:\users\taeyoung\desktop\robotexp4_wednesday\robotexp_4\robotexp_4dlg.cpp(344): error C2039: 'SetWindowTextA': is not a member of 'CEdit'
  c:\program files (x86)\microsoft visual studio\2017\professional\vc\tools\msvc\14.16.27023\atlmfc\include\afxwin.h(3821): note: see declaration of 'CEdit'
c:\users\taeyoung\desktop\robotexp4_wednesday\robotexp_4\robotexp_4dlg.cpp(345): error C2039: 'SetWindowTextA': is not a member of 'CEdit'
  c:\program files (x86)\microsoft visual studio\2017\professional\vc\tools\msvc\14.16.27023\atlmfc\include\afxwin.h(3821): note: see declaration of 'CEdit'
c:\users\taeyoung\desktop\robotexp4_wednesday\robotexp_4\robotexp_4dlg.cpp(346): error C2039: 'SetWindowTextA': is not a member of 'CEdit'
  c:\program files (x86)\microsoft visual studio\2017\professional\vc\tools\msvc\14.16.27023\atlmfc\include\afxwin.h(3821): note: see declaration of 'CEdit'
c:\users\taeyoung\desktop\robotexp4_wednesday\robotexp_4\robotexp_4dlg.cpp(347): error C2039: 'SetWindowTextA': is not a member of 'CEdit'
  c:\program files (x86)\microsoft visual studio\2017\professional\vc\tools\msvc\14.16.27023\atlmfc\include\afxwin.h(3821): note: see declaration of 'CEdit'
c:\users\taeyoung\desktop\robotexp4_wednesday\robotexp_4\robotexp_4dlg.cpp(348): error C2039: 'SetWindowTextA': is not a member of 'CEdit'
  c:\program files (x86)\microsoft visual studio\2017\professional\vc\tools\msvc\14.16.27023\atlmfc\include\afxwin.h(3821): note: see declaration of 'CEdit'
c:\users\taeyoung\desktop\robotexp4_wednesday\robotexp_4\robotexp_4dlg.cpp(349): error C2039: 'SetWindowTextA': is not a member of 'CEdit'
  c:\program files (x86)\microsoft visual studio\2017\professional\vc\tools\msvc\14.16.27023\atlmfc\include\afxwin.h(3821): note: see declaration of 'CEdit'
c:\users\taeyoung\desktop\robotexp4_wednesday\robotexp_4\robotexp_4dlg.cpp(350): error C2039: 'SetWindowTextA': is not a member of 'CEdit'
  c:\program files (x86)\microsoft visual studio\2017\professional\vc\tools\msvc\14.16.27023\atlmfc\include\afxwin.h(3821): note: see declaration of 'CEdit'
c:\users\taeyoung\desktop\robotexp4_wednesday\robotexp_4\robotexp_4dlg.cpp(359): error C2039: 'GetWindowTextA': is not a member of 'CEdit'
  c:\program files (x86)\microsoft visual studio\2017\professional\vc\tools\msvc\14.16.27023\atlmfc\include\afxwin.h(3821): note: see declaration of 'CEdit'
c:\users\taeyoung\desktop\robotexp4_wednesday\robotexp_4\robotexp_4dlg.cpp(361): error C2039: 'GetWindowTextA': is not a member of 'CEdit'
  c:\program files (x86)\microsoft visual studio\2017\professional\vc\tools\msvc\14.16.27023\atlmfc\include\afxwin.h(3821): note: see declaration of 'CEdit'
c:\users\taeyoung\desktop\robotexp4_wednesday\robotexp_4\robotexp_4dlg.cpp(376): error C2039: 'SetWindowTextA': is not a member of 'CEdit'
  c:\program files (x86)\microsoft visual studio\2017\professional\vc\tools\msvc\14.16.27023\atlmfc\include\afxwin.h(3821): note: see declaration of 'CEdit'
c:\users\taeyoung\desktop\robotexp4_wednesday\robotexp_4\robotexp_4dlg.cpp(378): error C2039: 'SetWindowTextA': is not a member of 'CEdit'
  c:\program files (x86)\microsoft visual studio\2017\professional\vc\tools\msvc\14.16.27023\atlmfc\include\afxwin.h(3821): note: see declaration of 'CEdit'
c:\users\taeyoung\desktop\robotexp4_wednesday\robotexp_4\robotexp_4dlg.cpp(380): error C2039: 'SetWindowTextA': is not a member of 'CEdit'
  c:\program files (x86)\microsoft visual studio\2017\professional\vc\tools\msvc\14.16.27023\atlmfc\include\afxwin.h(3821): note: see declaration of 'CEdit'
c:\users\taeyoung\desktop\robotexp4_wednesday\robotexp_4\robotexp_4dlg.cpp(391): error C2039: 'GetWindowTextA': is not a member of 'CEdit'
  c:\program files (x86)\microsoft visual studio\2017\professional\vc\tools\msvc\14.16.27023\atlmfc\include\afxwin.h(3821): note: see declaration of 'CEdit'
c:\users\taeyoung\desktop\robotexp4_wednesday\robotexp_4\robotexp_4dlg.cpp(393): error C2039: 'GetWindowTextA': is not a member of 'CEdit'
  c:\program files (x86)\microsoft visual studio\2017\professional\vc\tools\msvc\14.16.27023\atlmfc\include\afxwin.h(3821): note: see declaration of 'CEdit'
c:\users\taeyoung\desktop\robotexp4_wednesday\robotexp_4\robotexp_4dlg.cpp(395): error C2039: 'GetWindowTextA': is not a member of 'CEdit'
  c:\program files (x86)\microsoft visual studio\2017\professional\vc\tools\msvc\14.16.27023\atlmfc\include\afxwin.h(3821): note: see declaration of 'CEdit'
c:\users\taeyoung\desktop\robotexp4_wednesday\robotexp_4\robotexp_4dlg.cpp(403): error C2039: 'SetWindowTextA': is not a member of 'CEdit'
  c:\program files (x86)\microsoft visual studio\2017\professional\vc\tools\msvc\14.16.27023\atlmfc\include\afxwin.h(3821): note: see declaration of 'CEdit'
c:\users\taeyoung\desktop\robotexp4_wednesday\robotexp_4\robotexp_4dlg.cpp(405): error C2039: 'SetWindowTextA': is not a member of 'CEdit'
  c:\program files (x86)\microsoft visual studio\2017\professional\vc\tools\msvc\14.16.27023\atlmfc\include\afxwin.h(3821): note: see declaration of 'CEdit'
