  stdafx.cpp
  COCX.cpp
  Comm.cpp
  CommWork.cpp
c:\users\taeyoung\desktop\robotexperiment4-termproject\robotexp4_mfc\robotexp_4\commwork.cpp(58): warning C4244: '=': conversion from 'double' to 'int', possible loss of data
c:\users\taeyoung\desktop\robotexperiment4-termproject\robotexp4_mfc\robotexp_4\commwork.cpp(59): warning C4244: '=': conversion from 'double' to 'int', possible loss of data
c:\users\taeyoung\desktop\robotexperiment4-termproject\robotexp4_mfc\robotexp_4\commwork.cpp(60): warning C4244: '=': conversion from 'double' to 'int', possible loss of data
  DeviceListReader.cpp
  GraphDlg.cpp
  NTGraph.cpp
  ODE.cpp
c:\users\taeyoung\desktop\robotexperiment4-termproject\robotexp4_mfc\ode-0.13\include\ode\threading.h : warning C4819: The file contains a character that cannot be represented in the current code page (949). Save the file in Unicode format to prevent data loss
  ODEWork.cpp
c:\users\taeyoung\desktop\robotexperiment4-termproject\robotexp4_mfc\ode-0.13\include\ode\threading.h : warning C4819: The file contains a character that cannot be represented in the current code page (949). Save the file in Unicode format to prevent data loss
  RobotExp_4.cpp
  RobotExp_4Dlg.cpp
c:\users\taeyoung\desktop\robotexperiment4-termproject\robotexp4_mfc\robotexp_4\robotexp_4dlg.cpp(255): warning C4018: '<': signed/unsigned mismatch
  SharedMemory.cpp
  SystemMemory.cpp
  ThreadWorker.cpp
  Generating Code...
  RobotExp_4.vcxproj -> C:\Users\TaeYoung\Desktop\RobotExperiment4-TermProject\RobotExp4_MFC\Debug\RobotExp_4.exe
